\BOOKMARK [1][-]{section.1}{Introduction}{}% 1
\BOOKMARK [1][-]{section.2}{Background}{}% 2
\BOOKMARK [2][-]{subsection.2.1}{Setup}{section.2}% 3
\BOOKMARK [3][-]{subsubsection.2.1.1}{OLS}{subsection.2.1}% 4
\BOOKMARK [3][-]{subsubsection.2.1.2}{Ridge}{subsection.2.1}% 5
\BOOKMARK [3][-]{subsubsection.2.1.3}{OLS-Curds-Whey}{subsection.2.1}% 6
\BOOKMARK [3][-]{subsubsection.2.1.4}{Ridge-Curds-Whey}{subsection.2.1}% 7
\BOOKMARK [3][-]{subsubsection.2.1.5}{Double Ridge}{subsection.2.1}% 8
\BOOKMARK [1][-]{section.3}{Part I: Simulations \(BF\)}{}% 9
\BOOKMARK [2][-]{subsection.3.1}{Summary}{section.3}% 10
\BOOKMARK [2][-]{subsection.3.2}{Data Generation}{section.3}% 11
\BOOKMARK [2][-]{subsection.3.3}{Performance Metrics}{section.3}% 12
\BOOKMARK [2][-]{subsection.3.4}{Results: Overall}{section.3}% 13
\BOOKMARK [2][-]{subsection.3.5}{Results: Signal-to-Noise}{section.3}% 14
\BOOKMARK [2][-]{subsection.3.6}{Results: B variance}{section.3}% 15
\BOOKMARK [1][-]{section.4}{Part II: Simulations \(fMRI\)}{}% 16
\BOOKMARK [2][-]{subsection.4.1}{Summary}{section.4}% 17
\BOOKMARK [2][-]{subsection.4.2}{Search-Light Curds-Whey}{section.4}% 18
\BOOKMARK [2][-]{subsection.4.3}{Results}{section.4}% 19
\BOOKMARK [1][-]{section.5}{Part III: fMRI Dataset}{}% 20
\BOOKMARK [2][-]{subsection.5.1}{Summary}{section.5}% 21
\BOOKMARK [2][-]{subsection.5.2}{Methods}{section.5}% 22
\BOOKMARK [2][-]{subsection.5.3}{Results}{section.5}% 23
